<?xml version="1.0" encoding="UTF-8"?>
<!-- Generated by org.testng.reporters.JUnitReportReporter -->
<testsuite hostname="LAPTOP-IQ06DEC2" failures="0" tests="3" name="com.runner.TestNgRunner" time="13.457" errors="0" timestamp="2023-03-28T09:38:01 IST" skipped="0">
  <testcase classname="com.runner.TestNgRunner" name="runScenario" time="6.650"/>
  <system-out/>
  <testcase classname="com.runner.TestNgRunner" name="runScenario" time="0.566"/>
  <system-out/>
  <testcase classname="com.runner.TestNgRunner" name="runScenario" time="6.241"/>
  <system-out/>
</testsuite> <!-- com.runner.TestNgRunner -->
